<?xml version="1.0" encoding="UTF-8"?>
<testsuite name="com.management.SpringbootApplicationTests" tests="1" skipped="0" failures="0" errors="0" timestamp="2020-04-28T11:33:28" hostname="DESKTOP-JHH0BDU" time="0.412">
  <properties/>
  <testcase name="contextLoads()" classname="com.management.SpringbootApplicationTests" time="0.412"/>
  <system-out><![CDATA[20:33:19.086 [Test worker] DEBUG org.springframework.test.context.BootstrapUtils - Instantiating CacheAwareContextLoaderDelegate from class [org.springframework.test.context.cache.DefaultCacheAwareContextLoaderDelegate]
20:33:19.102 [Test worker] DEBUG org.springframework.test.context.BootstrapUtils - Instantiating BootstrapContext using constructor [public org.springframework.test.context.support.DefaultBootstrapContext(java.lang.Class,org.springframework.test.context.CacheAwareContextLoaderDelegate)]
20:33:19.139 [Test worker] DEBUG org.springframework.test.context.BootstrapUtils - Instantiating TestContextBootstrapper for test class [com.management.SpringbootApplicationTests] from class [org.springframework.boot.test.context.SpringBootTestContextBootstrapper]
20:33:19.166 [Test worker] INFO org.springframework.boot.test.context.SpringBootTestContextBootstrapper - Neither @ContextConfiguration nor @ContextHierarchy found for test class [com.management.SpringbootApplicationTests], using SpringBootContextLoader
20:33:19.171 [Test worker] DEBUG org.springframework.test.context.support.AbstractContextLoader - Did not detect default resource location for test class [com.management.SpringbootApplicationTests]: class path resource [com/management/SpringbootApplicationTests-context.xml] does not exist
20:33:19.172 [Test worker] DEBUG org.springframework.test.context.support.AbstractContextLoader - Did not detect default resource location for test class [com.management.SpringbootApplicationTests]: class path resource [com/management/SpringbootApplicationTestsContext.groovy] does not exist
20:33:19.172 [Test worker] INFO org.springframework.test.context.support.AbstractContextLoader - Could not detect default resource locations for test class [com.management.SpringbootApplicationTests]: no resource found for suffixes {-context.xml, Context.groovy}.
20:33:19.174 [Test worker] INFO org.springframework.test.context.support.AnnotationConfigContextLoaderUtils - Could not detect default configuration classes for test class [com.management.SpringbootApplicationTests]: SpringbootApplicationTests does not declare any static, non-private, non-final, nested classes annotated with @Configuration.
20:33:19.223 [Test worker] DEBUG org.springframework.test.context.support.ActiveProfilesUtils - Could not find an 'annotation declaring class' for annotation type [org.springframework.test.context.ActiveProfiles] and class [com.management.SpringbootApplicationTests]
20:33:19.334 [Test worker] DEBUG org.springframework.context.annotation.ClassPathScanningCandidateComponentProvider - Identified candidate component class: file [C:\springboot_react\springboot_react_project\springboot\build\classes\java\main\com\management\SpringbootApplication.class]
20:33:19.336 [Test worker] INFO org.springframework.boot.test.context.SpringBootTestContextBootstrapper - Found @SpringBootConfiguration com.management.SpringbootApplication for test class com.management.SpringbootApplicationTests
20:33:19.471 [Test worker] DEBUG org.springframework.boot.test.context.SpringBootTestContextBootstrapper - @TestExecutionListeners is not present for class [com.management.SpringbootApplicationTests]: using defaults.
20:33:19.472 [Test worker] INFO org.springframework.boot.test.context.SpringBootTestContextBootstrapper - Loaded default TestExecutionListener class names from location [META-INF/spring.factories]: [org.springframework.boot.test.autoconfigure.restdocs.RestDocsTestExecutionListener, org.springframework.boot.test.autoconfigure.web.client.MockRestServiceServerResetTestExecutionListener, org.springframework.boot.test.autoconfigure.web.servlet.MockMvcPrintOnlyOnFailureTestExecutionListener, org.springframework.boot.test.autoconfigure.web.servlet.WebDriverTestExecutionListener, org.springframework.boot.test.mock.mockito.MockitoTestExecutionListener, org.springframework.boot.test.mock.mockito.ResetMocksTestExecutionListener, org.springframework.test.context.web.ServletTestExecutionListener, org.springframework.test.context.support.DirtiesContextBeforeModesTestExecutionListener, org.springframework.test.context.support.DependencyInjectionTestExecutionListener, org.springframework.test.context.support.DirtiesContextTestExecutionListener, org.springframework.test.context.transaction.TransactionalTestExecutionListener, org.springframework.test.context.jdbc.SqlScriptsTestExecutionListener, org.springframework.test.context.event.EventPublishingTestExecutionListener]
20:33:19.499 [Test worker] INFO org.springframework.boot.test.context.SpringBootTestContextBootstrapper - Using TestExecutionListeners: [org.springframework.test.context.web.ServletTestExecutionListener@6604cb6b, org.springframework.test.context.support.DirtiesContextBeforeModesTestExecutionListener@2da29596, org.springframework.boot.test.mock.mockito.MockitoTestExecutionListener@24382f16, org.springframework.boot.test.autoconfigure.SpringBootDependencyInjectionTestExecutionListener@6be4fa51, org.springframework.test.context.support.DirtiesContextTestExecutionListener@2bfb3bd5, org.springframework.test.context.transaction.TransactionalTestExecutionListener@124c1519, org.springframework.test.context.jdbc.SqlScriptsTestExecutionListener@7769d8d9, org.springframework.test.context.event.EventPublishingTestExecutionListener@3b138217, org.springframework.boot.test.autoconfigure.restdocs.RestDocsTestExecutionListener@49c42333, org.springframework.boot.test.autoconfigure.web.client.MockRestServiceServerResetTestExecutionListener@3bd213cf, org.springframework.boot.test.autoconfigure.web.servlet.MockMvcPrintOnlyOnFailureTestExecutionListener@2c4bb7c, org.springframework.boot.test.autoconfigure.web.servlet.WebDriverTestExecutionListener@25e08209, org.springframework.boot.test.mock.mockito.ResetMocksTestExecutionListener@4d55e03d]
20:33:19.505 [Test worker] DEBUG org.springframework.test.context.support.AbstractDirtiesContextTestExecutionListener - Before test class: context [DefaultTestContext@73c5941e testClass = SpringbootApplicationTests, testInstance = [null], testMethod = [null], testException = [null], mergedContextConfiguration = [WebMergedContextConfiguration@63c1db81 testClass = SpringbootApplicationTests, locations = '{}', classes = '{class com.management.SpringbootApplication}', contextInitializerClasses = '[]', activeProfiles = '{}', propertySourceLocations = '{}', propertySourceProperties = '{org.springframework.boot.test.context.SpringBootTestContextBootstrapper=true}', contextCustomizers = set[org.springframework.boot.test.autoconfigure.properties.PropertyMappingContextCustomizer@0, org.springframework.boot.test.autoconfigure.web.servlet.WebDriverContextCustomizerFactory$Customizer@678d692d, org.springframework.boot.test.context.filter.ExcludeFilterContextCustomizer@7feef055, org.springframework.boot.test.json.DuplicateJsonObjectContextCustomizerFactory$DuplicateJsonObjectContextCustomizer@6ba088b1, org.springframework.boot.test.mock.mockito.MockitoContextCustomizer@0, org.springframework.boot.test.web.client.TestRestTemplateContextCustomizer@51422f91], resourceBasePath = 'src/main/webapp', contextLoader = 'org.springframework.boot.test.context.SpringBootContextLoader', parent = [null]], attributes = map['org.springframework.test.context.web.ServletTestExecutionListener.activateListener' -> true]], class annotated with @DirtiesContext [false] with mode [null].
20:33:19.551 [Test worker] DEBUG org.springframework.test.context.support.TestPropertySourceUtils - Adding inlined properties to environment: {spring.jmx.enabled=false, org.springframework.boot.test.context.SpringBootTestContextBootstrapper=true, server.port=-1}

  .   ____          _            __ _ _
 /\\ / ___'_ __ _ _(_)_ __  __ _ \ \ \ \
( ( )\___ | '_ | '_| | '_ \/ _` | \ \ \ \
 \\/  ___)| |_)| | | | | || (_| |  ) ) ) )
  '  |____| .__|_| |_|_| |_\__, | / / / /
 =========|_|==============|___/=/_/_/_/
 :: Spring Boot ::        (v2.2.6.RELEASE)

2020-04-28 20:33:19.995  INFO 8996 --- [    Test worker] c.management.SpringbootApplicationTests  : Starting SpringbootApplicationTests on DESKTOP-JHH0BDU with PID 8996 (started by qwefk in C:\springboot_react\springboot_react_project\springboot)
2020-04-28 20:33:19.997  INFO 8996 --- [    Test worker] c.management.SpringbootApplicationTests  : No active profile set, falling back to default profiles: default
2020-04-28 20:33:22.233  INFO 8996 --- [    Test worker] com.zaxxer.hikari.HikariDataSource       : HikariPool-1 - Starting...
2020-04-28 20:33:25.435  INFO 8996 --- [    Test worker] com.zaxxer.hikari.HikariDataSource       : HikariPool-1 - Start completed.
2020-04-28 20:33:26.875  INFO 8996 --- [    Test worker] o.s.s.concurrent.ThreadPoolTaskExecutor  : Initializing ExecutorService 'applicationTaskExecutor'
2020-04-28 20:33:28.239  INFO 8996 --- [    Test worker] o.s.b.a.h2.H2ConsoleAutoConfiguration    : H2 console available at '/h2-console'. Database available at 'jdbc:mysql://management-tutorial.ccgxmy3lrzke.us-east-2.rds.amazonaws.com:3306/management'
2020-04-28 20:33:28.438  INFO 8996 --- [    Test worker] o.s.b.a.e.web.EndpointLinksResolver      : Exposing 2 endpoint(s) beneath base path '/actuator'
2020-04-28 20:33:28.571  INFO 8996 --- [    Test worker] c.management.SpringbootApplicationTests  : Started SpringbootApplicationTests in 9.005 seconds (JVM running for 10.794)
]]></system-out>
  <system-err><![CDATA[]]></system-err>
</testsuite>
